SLF4J: Class path contains multiple SLF4J bindings.
SLF4J: Found binding in [jar:file:/C:/Program%20Files%20(x86)/TOS_DI-8.0.1/studio/plugins/org.eclipse.m2e.maven.runtime.slf4j.simple_1.18.0.20210402-1458/jars/slf4j-simple-1.7.5.jar!/org/slf4j/impl/StaticLoggerBinder.class]
SLF4J: Found binding in [file:/C:/Program%20Files%20(x86)/TOS_DI-8.0.1/studio/configuration/org.eclipse.osgi/401/0/.cp/org/slf4j/impl/StaticLoggerBinder.class]
SLF4J: See http://www.slf4j.org/codes.html#multiple_bindings for an explanation.
SLF4J: Actual binding is of type [org.slf4j.impl.SimpleLoggerFactory]
[INFO] Disabling enhanced local repository: using legacy is strongly discouraged to ensure build reproducibility.
[INFO] Scanning for projects...
[INFO] 
[INFO] -------------< org.example.sev_proj.job:imp_invoices_new >--------------
[INFO] Building SEV_PROJ imp_invoices_new-0.3.0 (0.3,Job Designs) 0.3.0
[INFO] --------------------------------[ jar ]---------------------------------
[WARNING] The POM for org.antlr:ST4:jar:4.3 is missing, no dependency information available
[WARNING] The POM for org.antlr:antlr-runtime:jar:3.5.2 is missing, no dependency information available
[WARNING] The POM for org.antlr:antlr4-runtime:jar:4.7 is missing, no dependency information available
[WARNING] The POM for com.google.auto:auto-common:jar:0.3 is missing, no dependency information available
[WARNING] The POM for com.google.auto.service:auto-service:jar:1.0-rc2 is missing, no dependency information available
[WARNING] The POM for org.apache.avro:avro:jar:1.8.1 is missing, no dependency information available
[WARNING] The POM for org.checkerframework:checker-qual:jar:3.5.0 is missing, no dependency information available
[WARNING] The POM for commons-codec:commons-codec:jar:1.14 is missing, no dependency information available
[WARNING] The POM for org.apache.commons:commons-compress:jar:1.21 is missing, no dependency information available
[WARNING] The POM for org.apache.commons:commons-lang3:jar:3.10 is missing, no dependency information available
[WARNING] The POM for org.talend.components:components-api:jar:0.37.0 is missing, no dependency information available
[WARNING] The POM for org.talend.components:components-common:jar:0.37.0 is missing, no dependency information available
[WARNING] The POM for org.talend.components:components-common-oauth:jar:0.37.0 is missing, no dependency information available
[WARNING] The POM for org.talend.components:components-salesforce-definition:jar:0.37.0 is missing, no dependency information available
[WARNING] The POM for org.talend.components:components-salesforce-runtime:jar:0.37.0 is missing, no dependency information available
[WARNING] The POM for org.talend.daikon:daikon:jar:0.31.12 is missing, no dependency information available
[WARNING] The POM for org.talend.daikon:daikon-exception:jar:0.31.12 is missing, no dependency information available
[WARNING] The POM for com.google.errorprone:error_prone_annotations:jar:2.3.4 is missing, no dependency information available
[WARNING] The POM for com.google.guava:failureaccess:jar:1.0.1 is missing, no dependency information available
[WARNING] The POM for com.force.api:force-partner-api:jar:53.0.0 is missing, no dependency information available
[WARNING] The POM for com.force.api:force-wsc:jar:53.0.0 is missing, no dependency information available
[WARNING] The POM for com.google.guava:guava:jar:30.0-jre is missing, no dependency information available
[WARNING] The POM for com.google.j2objc:j2objc-annotations:jar:1.3 is missing, no dependency information available
[WARNING] The POM for com.fasterxml.jackson.core:jackson-annotations:jar:2.11.4 is missing, no dependency information available
[WARNING] The POM for com.fasterxml.jackson.core:jackson-core:jar:2.11.4 is missing, no dependency information available
[WARNING] The POM for org.codehaus.jackson:jackson-core-asl:jar:1.9.15-TALEND is missing, no dependency information available
[WARNING] The POM for com.fasterxml.jackson.core:jackson-databind:jar:2.11.4 is missing, no dependency information available
[WARNING] The POM for org.codehaus.jackson:jackson-mapper-asl:jar:1.9.15-TALEND is missing, no dependency information available
[WARNING] The POM for javax.inject:javax.inject:jar:1 is missing, no dependency information available
[WARNING] The POM for javax.servlet:javax.servlet-api:jar:3.1.0 is missing, no dependency information available
[WARNING] The POM for org.jboss.marshalling:jboss-marshalling:jar:2.0.12.Final is missing, no dependency information available
[WARNING] The POM for joda-time:joda-time:jar:2.8.2 is missing, no dependency information available
[WARNING] The POM for org.json:json:jar:20140107 is missing, no dependency information available
[WARNING] The POM for com.cedarsoftware:json-io:jar:4.9.9-TALEND is missing, no dependency information available
[WARNING] The POM for com.google.code.findbugs:jsr305:jar:1.3.9 is missing, no dependency information available
[WARNING] The POM for com.google.guava:listenablefuture:jar:9999.0-empty-to-avoid-conflict-with-guava is missing, no dependency information available
[WARNING] The POM for org.apache.logging.log4j:log4j-api:jar:2.13.2 is missing, no dependency information available
[WARNING] The POM for org.apache.logging.log4j:log4j-core:jar:2.13.2 is missing, no dependency information available
[WARNING] The POM for org.apache.logging.log4j:log4j-slf4j-impl:jar:2.13.2 is missing, no dependency information available
[WARNING] The POM for org.apache.maven.resolver:maven-resolver-impl:jar:1.3.1 is missing, no dependency information available
[WARNING] The POM for org.apache.maven.resolver:maven-resolver-spi:jar:1.3.1 is missing, no dependency information available
[WARNING] The POM for org.apache.oltu.oauth2:org.apache.oltu.oauth2.client:jar:1.0.0 is missing, no dependency information available
[WARNING] The POM for org.apache.oltu.oauth2:org.apache.oltu.oauth2.common:jar:1.0.0 is missing, no dependency information available
[WARNING] The POM for org.osgi:org.osgi.service.component.annotations:jar:1.3.0 is missing, no dependency information available
[WARNING] The POM for com.thoughtworks.paranamer:paranamer:jar:2.7 is missing, no dependency information available
[WARNING] The POM for org.ops4j.pax.url:pax-url-aether-support:jar:2.6.2 is missing, no dependency information available
[WARNING] The POM for org.slf4j:slf4j-api:jar:1.7.29 is missing, no dependency information available
[WARNING] The POM for org.xerial.snappy:snappy-java:jar:1.1.1.3 is missing, no dependency information available
[WARNING] The POM for org.talend.components.lib:talend-proxy:jar:1.0.2 is missing, no dependency information available
[WARNING] The POM for org.talend.components:talendcsv:jar:1.0.0 is missing, no dependency information available
[WARNING] The POM for org.apache.commons:commons-lang3:jar:3.9 is missing, no dependency information available
[INFO] 
[INFO] --- maven-resources-plugin:3.0.2:resources (default-resources) @ imp_invoices_new ---
[WARNING] The POM for commons-io:commons-io:jar:2.6 is missing, no dependency information available
[WARNING] The POM for org.apache.maven:maven-core:jar:3.8.1 is missing, no dependency information available
[WARNING] The POM for org.apache.maven:maven-core:jar:3.0 is missing, no dependency information available
[WARNING] The POM for org.apache.maven.shared:maven-shared-utils:jar:3.0.0 is missing, no dependency information available
[WARNING] Using platform encoding (UTF-8 actually) to copy filtered resources, i.e. build is platform dependent!
[INFO] Copying 1 resource
[INFO] 
[INFO] --- maven-compiler-plugin:3.6.1:compile (default-compile) @ imp_invoices_new ---
[WARNING] The POM for org.codehaus.plexus:plexus-utils:jar:3.3.0 is missing, no dependency information available
[WARNING] The POM for org.codehaus.plexus:plexus-archiver:jar:4.2.1 is missing, no dependency information available
[WARNING] The POM for org.eclipse.platform:org.eclipse.osgi:jar:3.15.100 is missing, no dependency information available
[WARNING] The POM for org.codehaus.plexus:plexus-utils:jar:3.1.0 is missing, no dependency information available
[WARNING] The POM for org.apache.commons:commons-compress:jar:1.16.1 is missing, no dependency information available
[WARNING] The POM for org.tukaani:xz:jar:1.8 is missing, no dependency information available
[WARNING] The POM for org.apache.maven:maven-compat:jar:3.8.1 is missing, no dependency information available
[WARNING] The POM for org.apache.maven.shared:maven-shared-utils:jar:0.1 is missing, no dependency information available
[INFO] Not compiling main sources
[INFO] 
[INFO] --- maven-resources-plugin:3.0.2:testResources (default-testResources) @ imp_invoices_new ---
[INFO] Not copying test resources
[INFO] 
[INFO] --- maven-compiler-plugin:3.6.1:testCompile (default-testCompile) @ imp_invoices_new ---
[INFO] Not compiling test sources
[INFO] 
[INFO] --- maven-surefire-plugin:2.20:test (default-test) @ imp_invoices_new ---
[WARNING] The POM for junit:junit:jar:4.13.2 is missing, no dependency information available
[WARNING] The POM for junit:junit:jar:4.12 is missing, no dependency information available
[INFO] Tests are skipped.
[INFO] 
[INFO] --- maven-jar-plugin:3.0.2:jar (default-jar) @ imp_invoices_new ---
[WARNING] The POM for org.apache.maven.shared:maven-shared-utils:jar:3.0.1 is missing, no dependency information available
[WARNING] The POM for commons-io:commons-io:jar:2.5 is missing, no dependency information available
[WARNING] The POM for org.apache.commons:commons-compress:jar:1.11 is missing, no dependency information available
[INFO] Building jar: C:\Program Files (x86)\TOS_DI-8.0.1\studio\workspace\SEV_PROJ\poms\jobs\process\invoices\imp_invoices_new_0.3\target\imp_invoices_new_0_3.jar
[INFO] 
[INFO] --- maven-assembly-plugin:3.0.0:single (default) @ imp_invoices_new ---
[WARNING] The POM for commons-codec:commons-codec:jar:1.15 is missing, no dependency information available
[WARNING] The POM for org.apache.maven.shared:maven-shared-utils:jar:3.1.0 is missing, no dependency information available
[WARNING] The POM for commons-codec:commons-codec:jar:1.6 is missing, no dependency information available
[INFO] Reading assembly descriptor: C:\Program Files (x86)\TOS_DI-8.0.1\studio\workspace\SEV_PROJ\poms\jobs\process\invoices\imp_invoices_new_0.3/src/main/assemblies/assembly.xml
[WARNING] Missing POM for org.antlr:ST4:jar:4.3
[WARNING] Missing POM for org.antlr:antlr-runtime:jar:3.5.2
[WARNING] Missing POM for org.antlr:antlr4-runtime:jar:4.7
[WARNING] Missing POM for com.google.auto:auto-common:jar:0.3
[WARNING] Missing POM for com.google.auto.service:auto-service:jar:1.0-rc2
[WARNING] Missing POM for org.apache.avro:avro:jar:1.8.1
[WARNING] Missing POM for org.checkerframework:checker-qual:jar:3.5.0
[WARNING] Missing POM for commons-codec:commons-codec:jar:1.14
[WARNING] Missing POM for org.apache.commons:commons-compress:jar:1.21
[WARNING] Missing POM for org.apache.commons:commons-lang3:jar:3.10
[WARNING] Missing POM for org.talend.components:components-api:jar:0.37.0
[WARNING] Missing POM for org.talend.components:components-common:jar:0.37.0
[WARNING] Missing POM for org.talend.components:components-common-oauth:jar:0.37.0
[WARNING] Missing POM for org.talend.components:components-salesforce-definition:jar:0.37.0
[WARNING] Missing POM for org.talend.components:components-salesforce-runtime:jar:0.37.0
[WARNING] Missing POM for org.talend.daikon:daikon:jar:0.31.12
[WARNING] Missing POM for org.talend.daikon:daikon-exception:jar:0.31.12
[WARNING] Missing POM for com.google.errorprone:error_prone_annotations:jar:2.3.4
[WARNING] Missing POM for com.google.guava:failureaccess:jar:1.0.1
[WARNING] Missing POM for com.force.api:force-partner-api:jar:53.0.0
[WARNING] Missing POM for com.force.api:force-wsc:jar:53.0.0
[WARNING] Missing POM for com.google.guava:guava:jar:30.0-jre
[WARNING] Missing POM for com.google.j2objc:j2objc-annotations:jar:1.3
[WARNING] Missing POM for com.fasterxml.jackson.core:jackson-annotations:jar:2.11.4
[WARNING] Missing POM for com.fasterxml.jackson.core:jackson-core:jar:2.11.4
[WARNING] Missing POM for org.codehaus.jackson:jackson-core-asl:jar:1.9.15-TALEND
[WARNING] Missing POM for com.fasterxml.jackson.core:jackson-databind:jar:2.11.4
[WARNING] Missing POM for org.codehaus.jackson:jackson-mapper-asl:jar:1.9.15-TALEND
[WARNING] Missing POM for javax.inject:javax.inject:jar:1
[WARNING] Missing POM for javax.servlet:javax.servlet-api:jar:3.1.0
[WARNING] Missing POM for org.jboss.marshalling:jboss-marshalling:jar:2.0.12.Final
[WARNING] Missing POM for joda-time:joda-time:jar:2.8.2
[WARNING] Missing POM for org.json:json:jar:20140107
[WARNING] Missing POM for com.cedarsoftware:json-io:jar:4.9.9-TALEND
[WARNING] Missing POM for com.google.code.findbugs:jsr305:jar:1.3.9
[WARNING] Missing POM for com.google.guava:listenablefuture:jar:9999.0-empty-to-avoid-conflict-with-guava
[WARNING] Missing POM for org.apache.logging.log4j:log4j-api:jar:2.13.2
[WARNING] Missing POM for org.apache.logging.log4j:log4j-core:jar:2.13.2
[WARNING] Missing POM for org.apache.logging.log4j:log4j-slf4j-impl:jar:2.13.2
[WARNING] Missing POM for org.apache.maven.resolver:maven-resolver-impl:jar:1.3.1
[WARNING] Missing POM for org.apache.maven.resolver:maven-resolver-spi:jar:1.3.1
[WARNING] Missing POM for org.apache.oltu.oauth2:org.apache.oltu.oauth2.client:jar:1.0.0
[WARNING] Missing POM for org.apache.oltu.oauth2:org.apache.oltu.oauth2.common:jar:1.0.0
[WARNING] Missing POM for org.osgi:org.osgi.service.component.annotations:jar:1.3.0
[WARNING] Missing POM for com.thoughtworks.paranamer:paranamer:jar:2.7
[WARNING] Missing POM for org.ops4j.pax.url:pax-url-aether-support:jar:2.6.2
[WARNING] Missing POM for org.slf4j:slf4j-api:jar:1.7.29
[WARNING] Missing POM for org.xerial.snappy:snappy-java:jar:1.1.1.3
[WARNING] Missing POM for org.talend.components.lib:talend-proxy:jar:1.0.2
[WARNING] Missing POM for org.talend.components:talendcsv:jar:1.0.0
[WARNING] Missing POM for org.jboss.marshalling:jboss-marshalling:jar:2.0.12.Final
[WARNING] Missing POM for org.slf4j:slf4j-api:jar:1.7.29
[WARNING] The POM for org.apache.maven.wagon:wagon-ssh-external:jar:1.0 is missing, no dependency information available
[WARNING] Failed to build parent project for org.ops4j.pax:url:pom:2.6.2
[WARNING] Failed to build parent project for org.ops4j.pax.url:pax-url-aether:bundle:2.6.2
[INFO] Building zip: C:\Program Files (x86)\TOS_DI-8.0.1\studio\workspace\SEV_PROJ\poms\jobs\process\invoices\imp_invoices_new_0.3\target\imp_invoices_new_0_3.zip
[INFO] ------------------------------------------------------------------------
[INFO] BUILD SUCCESS
[INFO] ------------------------------------------------------------------------
[INFO] Total time:  5.328 s
[INFO] Finished at: 2022-11-21T06:15:02-04:00
[INFO] ------------------------------------------------------------------------
